  My Solution.cpp
C:\Users\mouha\Desktop\CPP\11- Object Oriented Programming (Applications)\04- Bank System Ui & Main Menu\06- Find Client Screen\My Solution\clsString.h(43,25): warning C4267: 'return': conversion from 'size_t' to 'short', possible loss of data
  (compiling source file 'My%20Solution.cpp')
  
C:\Users\mouha\Desktop\CPP\11- Object Oriented Programming (Applications)\04- Bank System Ui & Main Menu\06- Find Client Screen\My Solution\clsString.h(48,29): warning C4267: 'return': conversion from 'size_t' to 'short', possible loss of data
  (compiling source file 'My%20Solution.cpp')
  
C:\Users\mouha\Desktop\CPP\11- Object Oriented Programming (Applications)\04- Bank System Ui & Main Menu\06- Find Client Screen\My Solution\clsString.h(60,30): warning C4267: '=': conversion from 'size_t' to 'short', possible loss of data
  (compiling source file 'My%20Solution.cpp')
  
C:\Users\mouha\Desktop\CPP\11- Object Oriented Programming (Applications)\04- Bank System Ui & Main Menu\06- Find Client Screen\My Solution\clsString.h(197,29): warning C4267: 'return': conversion from 'size_t' to 'short', possible loss of data
  (compiling source file 'My%20Solution.cpp')
  
C:\Users\mouha\Desktop\CPP\11- Object Oriented Programming (Applications)\04- Bank System Ui & Main Menu\06- Find Client Screen\My Solution\clsString.h(328,30): warning C4267: '=': conversion from 'size_t' to 'short', possible loss of data
  (compiling source file 'My%20Solution.cpp')
  
C:\Users\mouha\Desktop\CPP\11- Object Oriented Programming (Applications)\04- Bank System Ui & Main Menu\06- Find Client Screen\My Solution\clsString.h(376,22): warning C4267: 'initializing': conversion from 'size_t' to 'short', possible loss of data
  (compiling source file 'My%20Solution.cpp')
  
C:\Users\mouha\Desktop\CPP\11- Object Oriented Programming (Applications)\04- Bank System Ui & Main Menu\06- Find Client Screen\My Solution\clsInputValidate.h(115,16): warning C4244: 'initializing': conversion from 'double' to 'float', possible loss of data
  (compiling source file 'My%20Solution.cpp')
  
C:\Users\mouha\Desktop\CPP\11- Object Oriented Programming (Applications)\04- Bank System Ui & Main Menu\06- Find Client Screen\My Solution\clsInputValidate.h(119,26): warning C4244: '=': conversion from 'double' to 'float', possible loss of data
  (compiling source file 'My%20Solution.cpp')
  
C:\Users\mouha\Desktop\CPP\11- Object Oriented Programming (Applications)\04- Bank System Ui & Main Menu\06- Find Client Screen\My Solution\clsBankClient.h(31,65): warning C4244: 'argument': conversion from 'double' to 'float', possible loss of data
  (compiling source file 'My%20Solution.cpp')
  
C:\Users\mouha\Desktop\CPP\11- Object Oriented Programming (Applications)\04- Bank System Ui & Main Menu\06- Find Client Screen\My Solution\clsBankClient.h(373,20): warning C4244: 'return': conversion from 'double' to 'float', possible loss of data
  (compiling source file 'My%20Solution.cpp')
  
C:\Users\mouha\Desktop\CPP\11- Object Oriented Programming (Applications)\04- Bank System Ui & Main Menu\06- Find Client Screen\My Solution\clsAddNewCLientScreen.h(32,66): warning C4244: 'argument': conversion from 'double' to 'float', possible loss of data
  (compiling source file 'My%20Solution.cpp')
  
C:\Users\mouha\Desktop\CPP\11- Object Oriented Programming (Applications)\04- Bank System Ui & Main Menu\06- Find Client Screen\My Solution\clsShowUpdateClientScreen.h(30,66): warning C4244: 'argument': conversion from 'double' to 'float', possible loss of data
  (compiling source file 'My%20Solution.cpp')
  
C:\Users\mouha\Desktop\CPP\11- Object Oriented Programming (Applications)\04- Bank System Ui & Main Menu\06- Find Client Screen\My Solution\clsBankClient.h(320,1): warning C4715: 'clsBankClient::Save': not all control paths return a value
  My Solution.vcxproj -> C:\Users\mouha\Desktop\CPP\11- Object Oriented Programming (Applications)\04- Bank System Ui & Main Menu\06- Find Client Screen\My Solution\x64\Debug\My Solution.exe
