  My Solution.cpp
C:\Users\mouha\Desktop\CPP\11- Object Oriented Programming (Applications)\16- Bank System - Bank Extension 9\Encrypt Password In File\My Solution\clsString.h(42,25): warning C4267: 'return': conversion from 'size_t' to 'short', possible loss of data
  (compiling source file 'My%20Solution.cpp')
  
C:\Users\mouha\Desktop\CPP\11- Object Oriented Programming (Applications)\16- Bank System - Bank Extension 9\Encrypt Password In File\My Solution\clsString.h(47,29): warning C4267: 'return': conversion from 'size_t' to 'short', possible loss of data
  (compiling source file 'My%20Solution.cpp')
  
C:\Users\mouha\Desktop\CPP\11- Object Oriented Programming (Applications)\16- Bank System - Bank Extension 9\Encrypt Password In File\My Solution\clsString.h(59,30): warning C4267: '=': conversion from 'size_t' to 'short', possible loss of data
  (compiling source file 'My%20Solution.cpp')
  
C:\Users\mouha\Desktop\CPP\11- Object Oriented Programming (Applications)\16- Bank System - Bank Extension 9\Encrypt Password In File\My Solution\clsString.h(196,28): warning C4267: 'return': conversion from 'size_t' to 'short', possible loss of data
  (compiling source file 'My%20Solution.cpp')
  
C:\Users\mouha\Desktop\CPP\11- Object Oriented Programming (Applications)\16- Bank System - Bank Extension 9\Encrypt Password In File\My Solution\clsString.h(327,28): warning C4267: '=': conversion from 'size_t' to 'short', possible loss of data
  (compiling source file 'My%20Solution.cpp')
  
C:\Users\mouha\Desktop\CPP\11- Object Oriented Programming (Applications)\16- Bank System - Bank Extension 9\Encrypt Password In File\My Solution\clsString.h(375,20): warning C4267: 'initializing': conversion from 'size_t' to 'short', possible loss of data
  (compiling source file 'My%20Solution.cpp')
  
C:\Users\mouha\Desktop\CPP\11- Object Oriented Programming (Applications)\16- Bank System - Bank Extension 9\Encrypt Password In File\My Solution\clsUser.h(30,77): warning C4244: 'argument': conversion from 'double' to 'int', possible loss of data
  (compiling source file 'My%20Solution.cpp')
  
C:\Users\mouha\Desktop\CPP\11- Object Oriented Programming (Applications)\16- Bank System - Bank Extension 9\Encrypt Password In File\My Solution\clsInputValidate.h(115,16): warning C4244: 'initializing': conversion from 'double' to 'float', possible loss of data
  (compiling source file 'My%20Solution.cpp')
  
C:\Users\mouha\Desktop\CPP\11- Object Oriented Programming (Applications)\16- Bank System - Bank Extension 9\Encrypt Password In File\My Solution\clsInputValidate.h(119,26): warning C4244: '=': conversion from 'double' to 'float', possible loss of data
  (compiling source file 'My%20Solution.cpp')
  
C:\Users\mouha\Desktop\CPP\11- Object Oriented Programming (Applications)\16- Bank System - Bank Extension 9\Encrypt Password In File\My Solution\clsBankClient.h(31,56): warning C4244: 'argument': conversion from 'double' to 'float', possible loss of data
  (compiling source file 'My%20Solution.cpp')
  
C:\Users\mouha\Desktop\CPP\11- Object Oriented Programming (Applications)\16- Bank System - Bank Extension 9\Encrypt Password In File\My Solution\clsBankClient.h(204,10): warning C4244: 'return': conversion from 'double' to 'float', possible loss of data
  (compiling source file 'My%20Solution.cpp')
  
C:\Users\mouha\Desktop\CPP\11- Object Oriented Programming (Applications)\16- Bank System - Bank Extension 9\Encrypt Password In File\My Solution\clsBankClient.h(373,10): warning C4244: 'return': conversion from 'double' to 'float', possible loss of data
  (compiling source file 'My%20Solution.cpp')
  
C:\Users\mouha\Desktop\CPP\11- Object Oriented Programming (Applications)\16- Bank System - Bank Extension 9\Encrypt Password In File\My Solution\clsAddNewCLientScreen.h(32,66): warning C4244: 'argument': conversion from 'double' to 'float', possible loss of data
  (compiling source file 'My%20Solution.cpp')
  
C:\Users\mouha\Desktop\CPP\11- Object Oriented Programming (Applications)\16- Bank System - Bank Extension 9\Encrypt Password In File\My Solution\clsShowUpdateClientScreen.h(30,66): warning C4244: 'argument': conversion from 'double' to 'float', possible loss of data
  (compiling source file 'My%20Solution.cpp')
  
C:\Users\mouha\Desktop\CPP\11- Object Oriented Programming (Applications)\16- Bank System - Bank Extension 9\Encrypt Password In File\My Solution\clsUtil.h(68,5): warning C4102: 'defualt': unreferenced label
  (compiling source file 'My%20Solution.cpp')
  
C:\Users\mouha\Desktop\CPP\11- Object Oriented Programming (Applications)\16- Bank System - Bank Extension 9\Encrypt Password In File\My Solution\clsTotalBalancesScreen.h(56,60): warning C4244: 'argument': conversion from 'double' to 'int', possible loss of data
  (compiling source file 'My%20Solution.cpp')
  
C:\Users\mouha\Desktop\CPP\11- Object Oriented Programming (Applications)\16- Bank System - Bank Extension 9\Encrypt Password In File\My Solution\clsTransferScreen.h(54,24): warning C4244: 'initializing': conversion from 'double' to 'float', possible loss of data
  (compiling source file 'My%20Solution.cpp')
  
C:\Users\mouha\Desktop\CPP\11- Object Oriented Programming (Applications)\16- Bank System - Bank Extension 9\Encrypt Password In File\My Solution\clsTransferScreen.h(59,54): warning C4244: '=': conversion from 'double' to 'float', possible loss of data
  (compiling source file 'My%20Solution.cpp')
  
C:\Users\mouha\Desktop\CPP\11- Object Oriented Programming (Applications)\16- Bank System - Bank Extension 9\Encrypt Password In File\My Solution\clsShowTransactionsScreen.h(106,21): warning C4129: ' ': unrecognized character escape sequence
  (compiling source file 'My%20Solution.cpp')
  
C:\Users\mouha\Desktop\CPP\11- Object Oriented Programming (Applications)\16- Bank System - Bank Extension 9\Encrypt Password In File\My Solution\clsShowTransactionsScreen.h(109,37): warning C4129: ' ': unrecognized character escape sequence
  (compiling source file 'My%20Solution.cpp')
  
C:\Users\mouha\Desktop\CPP\11- Object Oriented Programming (Applications)\16- Bank System - Bank Extension 9\Encrypt Password In File\My Solution\clsAddUserScreen.h(102,17): warning C4129: 'P': unrecognized character escape sequence
  (compiling source file 'My%20Solution.cpp')
  
C:\Users\mouha\Desktop\CPP\11- Object Oriented Programming (Applications)\16- Bank System - Bank Extension 9\Encrypt Password In File\My Solution\clsDeleteUserScreen.h(25,11): warning C4129: 'P': unrecognized character escape sequence
  (compiling source file 'My%20Solution.cpp')
  
C:\Users\mouha\Desktop\CPP\11- Object Oriented Programming (Applications)\16- Bank System - Bank Extension 9\Encrypt Password In File\My Solution\clsManageUsersScreen.h(104,21): warning C4129: ' ': unrecognized character escape sequence
  (compiling source file 'My%20Solution.cpp')
  
C:\Users\mouha\Desktop\CPP\11- Object Oriented Programming (Applications)\16- Bank System - Bank Extension 9\Encrypt Password In File\My Solution\clsManageUsersScreen.h(107,37): warning C4129: ' ': unrecognized character escape sequence
  (compiling source file 'My%20Solution.cpp')
  
C:\Users\mouha\Desktop\CPP\11- Object Oriented Programming (Applications)\16- Bank System - Bank Extension 9\Encrypt Password In File\My Solution\clsBankClient.h(320,1): warning C4715: 'clsBankClient::Save': not all control paths return a value
C:\Users\mouha\Desktop\CPP\11- Object Oriented Programming (Applications)\16- Bank System - Bank Extension 9\Encrypt Password In File\My Solution\clsUser.h(288,1): warning C4715: 'clsUser::Save': not all control paths return a value
C:\Users\mouha\Desktop\CPP\11- Object Oriented Programming (Applications)\16- Bank System - Bank Extension 9\Encrypt Password In File\My Solution\clsBankClient.h(392,1): warning C4715: 'clsBankClient::Withdraw': not all control paths return a value
  My Solution.vcxproj -> C:\Users\mouha\Desktop\CPP\11- Object Oriented Programming (Applications)\16- Bank System - Bank Extension 9\Encrypt Password In File\My Solution\x64\Debug\My Solution.exe
